SF:lib/src/controller.dart
DA:54,4
DA:68,1
DA:71,2
DA:72,1
DA:78,2
DA:88,4
DA:91,4
DA:92,4
DA:93,4
DA:97,1
DA:99,1
DA:100,1
DA:107,4
DA:110,4
DA:111,4
DA:112,4
DA:128,4
DA:132,12
DA:133,12
DA:144,1
DA:162,4
DA:166,4
DA:167,12
DA:168,4
DA:169,8
LF:25
LH:25
end_of_record
SF:lib/src/core/interface.dart
DA:6,10
LF:1
LH:1
end_of_record
SF:lib/src/framework.dart
DA:59,3
DA:114,3
DA:115,3
DA:119,3
DA:121,3
DA:123,3
DA:124,6
DA:125,6
DA:126,6
DA:127,6
DA:131,3
DA:134,3
DA:135,3
DA:138,3
DA:141,6
LF:15
LH:15
end_of_record
SF:lib/src/utilities/context.dart
DA:10,3
DA:40,1
DA:42,1
DA:43,1
DA:44,1
DA:46,1
DA:51,1
DA:52,1
DA:53,2
DA:55,1
LF:10
LH:10
end_of_record
SF:lib/src/utilities/super.dart
DA:10,2
DA:15,2
DA:21,8
DA:25,4
DA:29,4
DA:35,2
DA:38,2
LF:7
LH:7
end_of_record
SF:lib/src/widgets/async_builder.dart
DA:39,1
DA:48,1
DA:85,2
DA:86,1
DA:87,2
DA:91,1
DA:92,1
DA:96,1
DA:97,1
DA:102,1
DA:107,1
DA:125,1
DA:126,1
DA:137,1
DA:139,3
DA:140,2
DA:141,2
DA:142,2
DA:145,2
DA:146,2
DA:147,7
DA:148,4
DA:150,5
LF:23
LH:23
end_of_record
SF:lib/src/widgets/super_builder.dart
DA:54,1
DA:69,1
DA:70,1
DA:76,1
DA:79,3
DA:80,1
DA:83,1
DA:84,5
DA:85,2
DA:88,1
DA:90,3
DA:92,1
DA:93,3
DA:95,2
DA:96,3
LF:15
LH:15
end_of_record
SF:lib/src/widgets/super_consumer.dart
DA:80,1
DA:102,1
DA:103,1
DA:110,1
DA:112,1
DA:114,4
DA:115,3
DA:119,1
DA:120,2
DA:121,1
DA:122,2
DA:124,1
DA:125,2
DA:126,2
DA:128,4
DA:131,1
DA:133,4
DA:134,1
DA:137,1
DA:138,2
DA:141,1
DA:143,1
DA:144,1
DA:145,2
DA:147,4
LF:25
LH:25
end_of_record
SF:lib/src/widgets/super_listener.dart
DA:48,1
DA:72,1
DA:73,1
DA:81,1
DA:83,3
DA:84,1
DA:87,1
DA:88,4
DA:89,6
DA:90,4
DA:93,1
DA:95,1
DA:96,3
DA:98,1
DA:99,4
DA:101,2
DA:102,3
DA:103,2
DA:104,2
LF:19
LH:19
end_of_record
SF:lib/src/widgets/super_widget.dart
DA:27,1
DA:48,1
DA:50,2
DA:57,1
DA:58,3
DA:74,1
DA:76,1
DA:77,2
DA:94,1
DA:100,1
DA:102,1
DA:104,2
DA:107,1
DA:109,2
DA:110,1
LF:15
LH:15
end_of_record
SF:lib/src/core/logger.dart
DA:5,6
DA:6,6
DA:8,6
DA:10,6
LF:4
LH:4
end_of_record
SF:lib/src/injection.dart
DA:7,18
DA:8,7
DA:11,7
DA:15,12
DA:18,2
DA:22,6
DA:23,6
DA:28,5
DA:30,1
DA:35,5
DA:37,3
DA:40,5
DA:45,6
DA:46,6
DA:47,12
DA:48,10
DA:50,5
DA:52,1
DA:53,1
DA:54,1
DA:57,8
DA:60,5
DA:61,5
DA:67,3
DA:69,3
DA:71,3
DA:72,3
DA:77,5
DA:81,6
DA:82,2
DA:83,1
DA:85,2
DA:90,10
DA:94,1
DA:105,6
DA:107,2
DA:108,12
DA:109,10
DA:111,8
DA:112,6
DA:114,10
DA:115,5
DA:116,5
DA:122,5
DA:123,15
DA:124,9
DA:125,4
DA:127,10
DA:133,5
DA:144,2
DA:145,1
DA:152,4
DA:153,4
DA:157,4
LF:54
LH:54
end_of_record
