SF:lib/src/controller.dart
DA:52,4
DA:67,1
DA:70,2
DA:71,2
DA:74,1
DA:80,1
DA:81,1
DA:91,4
DA:95,4
DA:96,4
DA:97,4
DA:101,1
DA:103,1
DA:104,1
DA:111,4
DA:115,4
DA:116,4
DA:117,4
DA:133,4
DA:138,16
DA:139,12
DA:148,0
DA:160,1
DA:179,4
DA:184,4
DA:185,16
DA:186,4
DA:187,12
LF:28
LH:27
end_of_record
SF:lib/src/framework.dart
DA:35,3
DA:47,3
DA:48,3
DA:52,3
DA:54,3
DA:56,6
DA:57,9
DA:58,9
DA:59,9
DA:60,9
DA:64,3
DA:67,6
DA:68,3
DA:71,3
DA:74,3
DA:75,9
DA:76,9
DA:77,9
DA:78,9
DA:104,11
LF:20
LH:20
end_of_record
SF:lib/src/utilities/context.dart
DA:10,3
DA:40,1
DA:42,1
DA:43,1
DA:44,1
DA:46,1
DA:51,1
DA:52,1
DA:53,2
DA:55,1
LF:10
LH:10
end_of_record
SF:lib/src/widgets/async_builder.dart
DA:39,4
DA:48,4
DA:85,8
DA:86,4
DA:87,2
DA:91,2
DA:92,2
DA:96,1
DA:97,1
DA:102,2
DA:107,2
DA:125,4
DA:126,4
DA:137,4
DA:139,12
DA:140,4
DA:141,4
DA:142,4
DA:145,8
DA:146,4
DA:147,14
DA:148,5
DA:150,20
LF:23
LH:23
end_of_record
SF:lib/src/widgets/super_builder.dart
DA:54,1
DA:69,1
DA:70,1
DA:76,1
DA:79,3
DA:80,1
DA:83,1
DA:84,5
DA:85,2
DA:88,1
DA:90,3
DA:92,1
DA:93,3
DA:95,2
DA:96,3
LF:15
LH:15
end_of_record
SF:lib/src/widgets/super_consumer.dart
DA:82,1
DA:104,1
DA:105,1
DA:112,1
DA:114,1
DA:115,4
DA:116,3
DA:120,1
DA:121,2
DA:122,1
DA:123,2
DA:125,1
DA:126,2
DA:127,2
DA:130,2
DA:131,2
DA:134,1
DA:136,4
DA:137,1
DA:140,1
DA:141,2
DA:144,1
DA:146,1
DA:147,1
DA:148,2
DA:150,4
LF:26
LH:26
end_of_record
SF:lib/src/widgets/super_listener.dart
DA:48,1
DA:72,1
DA:73,1
DA:81,1
DA:83,3
DA:84,1
DA:87,1
DA:88,4
DA:89,6
DA:90,4
DA:93,1
DA:95,1
DA:96,3
DA:98,1
DA:99,4
DA:101,2
DA:102,3
DA:103,2
DA:104,2
LF:19
LH:19
end_of_record
SF:lib/src/widgets/super_widget.dart
DA:27,1
DA:48,1
DA:50,2
DA:57,1
DA:58,3
DA:74,1
DA:76,2
DA:83,1
DA:86,2
DA:87,2
DA:99,1
DA:101,2
DA:102,1
LF:13
LH:13
end_of_record
