SF:lib/src/controller.dart
DA:66,1
DA:69,2
DA:70,1
DA:76,2
DA:86,4
DA:89,4
DA:90,4
DA:91,4
DA:95,1
DA:97,1
DA:98,1
DA:105,4
DA:108,4
DA:109,4
DA:110,4
DA:126,4
DA:130,16
DA:131,12
DA:142,1
DA:160,4
DA:164,4
DA:165,16
DA:166,4
DA:167,8
LF:24
LH:24
end_of_record
SF:lib/src/core/interface.dart
DA:6,14
LF:1
LH:1
end_of_record
SF:lib/src/framework.dart
DA:59,3
DA:109,3
DA:110,3
DA:114,3
DA:116,3
DA:118,3
DA:119,6
DA:120,6
DA:121,6
DA:125,3
DA:128,3
DA:129,3
DA:132,3
DA:135,6
LF:14
LH:14
end_of_record
SF:lib/src/model.dart
DA:32,1
DA:35,3
DA:38,1
DA:40,3
LF:4
LH:4
end_of_record
SF:lib/src/rx/rx.dart
DA:266,3
DA:277,3
DA:279,6
DA:280,3
DA:289,3
DA:291,6
DA:292,3
DA:296,1
DA:298,3
DA:313,9
DA:319,3
DA:328,3
DA:330,6
DA:331,6
DA:332,3
DA:335,1
DA:346,3
DA:347,6
DA:355,7
DA:357,6
LF:20
LH:20
end_of_record
SF:lib/src/rx/rx_set.dart
DA:35,2
DA:36,2
DA:37,4
DA:39,2
DA:42,2
DA:45,2
DA:47,1
DA:63,2
DA:65,1
DA:67,2
DA:69,1
DA:74,1
DA:76,2
DA:79,2
DA:81,4
DA:84,2
DA:86,4
DA:89,1
DA:91,2
DA:94,1
DA:96,2
DA:98,1
DA:103,2
LF:23
LH:23
end_of_record
SF:lib/src/rx/rx_list.dart
DA:41,2
DA:42,2
DA:43,4
DA:45,2
DA:48,2
DA:51,2
DA:53,2
DA:59,1
DA:61,2
DA:64,1
DA:66,2
DA:69,1
DA:71,2
DA:74,1
DA:76,2
DA:79,1
DA:81,2
DA:84,1
DA:86,2
DA:89,2
DA:91,4
DA:94,1
DA:96,2
DA:99,1
DA:101,2
DA:104,1
DA:106,2
DA:107,1
DA:110,1
DA:112,2
DA:113,1
DA:116,1
DA:118,2
DA:119,1
DA:122,1
DA:124,2
DA:125,1
DA:128,1
DA:130,2
DA:131,1
DA:134,1
DA:136,2
DA:138,1
DA:143,1
DA:145,2
DA:146,1
DA:150,1
DA:152,2
DA:153,1
DA:157,1
DA:159,2
DA:160,1
DA:163,1
DA:165,2
DA:166,1
DA:169,1
DA:171,2
DA:172,1
DA:175,1
DA:177,2
DA:178,1
DA:181,1
DA:183,2
DA:184,1
DA:187,1
DA:189,2
DA:190,1
DA:193,1
DA:195,2
DA:196,1
DA:199,1
DA:201,2
DA:204,1
DA:206,2
DA:209,1
DA:211,2
DA:214,1
DA:216,2
DA:219,1
DA:221,2
DA:224,1
DA:226,2
DA:227,1
DA:243,2
DA:245,1
DA:247,2
DA:251,1
DA:253,2
DA:256,1
DA:258,2
DA:259,1
DA:262,1
DA:264,2
DA:265,1
LF:94
LH:94
end_of_record
SF:lib/src/rx/rx_t.dart
DA:37,6
DA:39,12
DA:41,6
DA:45,6
DA:51,6
DA:52,6
DA:53,6
DA:62,5
DA:63,15
DA:64,5
DA:65,5
DA:68,2
DA:69,6
DA:75,4
DA:81,5
DA:87,2
DA:93,2
LF:17
LH:17
end_of_record
SF:lib/src/rx/rx_notifier.dart
DA:51,2
DA:52,2
DA:53,4
DA:55,2
DA:58,2
DA:60,4
DA:83,2
DA:84,2
DA:85,2
DA:101,1
DA:104,3
DA:105,1
DA:106,1
DA:109,1
DA:110,3
LF:15
LH:15
end_of_record
SF:lib/src/rx/rx_map.dart
DA:41,2
DA:42,2
DA:43,4
DA:45,2
DA:48,2
DA:51,2
DA:53,2
DA:72,2
DA:74,1
DA:76,2
DA:77,2
DA:79,1
DA:82,2
DA:84,4
DA:87,1
DA:89,2
DA:90,1
DA:93,1
DA:95,2
DA:96,1
DA:99,2
DA:101,4
DA:104,1
DA:106,2
DA:108,1
LF:25
LH:25
end_of_record
SF:lib/src/utilities/context.dart
DA:10,3
LF:1
LH:1
end_of_record
SF:lib/src/utilities/future.dart
DA:62,1
DA:68,1
DA:69,1
DA:70,1
LF:4
LH:4
end_of_record
SF:lib/src/utilities/rx.dart
DA:6,2
DA:12,4
DA:18,6
DA:24,2
DA:30,2
DA:36,2
DA:42,2
DA:48,4
LF:8
LH:8
end_of_record
SF:lib/src/utilities/super.dart
DA:10,2
DA:37,7
DA:38,7
DA:44,8
DA:48,4
DA:52,4
DA:60,1
DA:61,1
DA:66,1
DA:67,1
LF:10
LH:10
end_of_record
SF:lib/src/widgets/async_builder.dart
DA:39,1
DA:48,1
DA:85,2
DA:86,1
DA:87,2
DA:91,1
DA:92,1
DA:96,1
DA:97,1
DA:102,1
DA:107,1
DA:125,1
DA:126,1
DA:137,1
DA:139,3
DA:140,2
DA:141,2
DA:142,2
DA:145,2
DA:146,2
DA:147,7
DA:148,4
DA:150,5
LF:23
LH:23
end_of_record
SF:lib/src/widgets/super_builder.dart
DA:54,1
DA:69,1
DA:70,1
DA:76,1
DA:79,3
DA:80,1
DA:83,1
DA:84,5
DA:85,2
DA:88,1
DA:90,3
DA:92,1
DA:93,3
DA:95,2
DA:96,3
LF:15
LH:15
end_of_record
SF:lib/src/widgets/super_consumer.dart
DA:43,1
DA:60,1
DA:61,1
DA:67,1
DA:69,1
DA:70,1
DA:72,4
DA:75,1
DA:77,1
DA:80,4
DA:81,3
DA:82,4
DA:86,1
DA:88,2
DA:89,1
DA:90,2
DA:92,1
DA:93,2
DA:97,1
DA:100,4
DA:101,1
DA:104,1
DA:106,2
DA:109,1
DA:111,1
DA:112,4
LF:26
LH:26
end_of_record
SF:lib/src/widgets/super_listener.dart
DA:48,1
DA:72,1
DA:73,1
DA:81,1
DA:83,3
DA:84,1
DA:87,1
DA:88,4
DA:89,6
DA:90,4
DA:93,1
DA:95,1
DA:96,3
DA:98,1
DA:99,4
DA:101,2
DA:102,3
DA:103,2
DA:104,2
LF:19
LH:19
end_of_record
SF:lib/src/widgets/super_widget.dart
DA:29,1
DA:50,1
DA:52,2
DA:59,1
DA:60,3
DA:76,1
DA:78,1
DA:79,2
DA:96,1
DA:102,1
DA:104,1
DA:106,2
DA:109,1
DA:111,2
DA:112,1
LF:15
LH:15
end_of_record
SF:lib/src/instance.dart
DA:8,18
DA:9,7
DA:15,2
DA:19,6
DA:20,6
DA:25,5
DA:27,2
DA:31,1
DA:36,5
DA:38,3
DA:41,5
DA:46,6
DA:47,6
DA:48,12
DA:49,10
DA:51,5
DA:53,1
DA:54,1
DA:55,1
DA:58,8
DA:61,5
DA:62,5
DA:69,3
DA:71,3
DA:73,3
DA:74,3
DA:79,5
DA:83,6
DA:84,2
DA:85,1
DA:87,2
DA:92,10
DA:96,1
DA:107,6
DA:109,2
DA:111,12
DA:112,4
DA:113,2
DA:119,10
DA:121,8
DA:123,6
DA:125,10
DA:126,15
DA:132,5
DA:134,15
DA:135,9
DA:136,4
DA:138,10
DA:144,5
DA:159,2
DA:160,1
DA:167,4
DA:168,4
DA:170,4
DA:182,4
LF:55
LH:55
end_of_record
SF:lib/src/core/logger.dart
DA:6,7
DA:7,7
DA:9,7
DA:10,2
DA:11,7
DA:12,6
DA:13,5
DA:14,2
DA:15,4
DA:16,8
LF:10
LH:10
end_of_record
