SF:lib/src/injection.dart
DA:10,18
DA:11,7
DA:14,7
DA:18,12
DA:21,2
DA:25,6
DA:26,6
DA:31,5
DA:33,1
DA:38,5
DA:41,3
DA:44,5
DA:49,6
DA:50,6
DA:51,12
DA:52,10
DA:54,5
DA:56,1
DA:57,1
DA:58,1
DA:61,8
DA:64,5
DA:65,5
DA:71,3
DA:73,3
DA:75,3
DA:76,3
DA:81,5
DA:85,6
DA:86,2
DA:87,1
DA:89,2
DA:94,10
DA:98,1
DA:109,6
DA:111,2
DA:112,12
DA:113,10
DA:115,8
DA:116,6
DA:118,10
DA:119,5
DA:120,5
DA:126,5
DA:127,15
DA:128,9
DA:129,4
DA:131,10
DA:137,5
DA:148,2
DA:149,1
DA:156,4
DA:157,4
DA:161,4
LF:54
LH:54
end_of_record
SF:lib/src/controller.dart
DA:54,4
DA:68,1
DA:71,2
DA:72,1
DA:78,2
DA:88,4
DA:91,4
DA:92,4
DA:93,4
DA:97,1
DA:99,1
DA:100,1
DA:107,4
DA:110,4
DA:111,4
DA:112,4
DA:128,4
DA:132,12
DA:133,12
DA:144,1
DA:162,4
DA:166,4
DA:167,12
DA:168,4
DA:169,8
LF:25
LH:25
end_of_record
SF:lib/src/core/interface.dart
DA:6,10
LF:1
LH:1
end_of_record
SF:lib/src/framework.dart
DA:59,3
DA:114,3
DA:115,3
DA:119,3
DA:121,3
DA:123,3
DA:124,6
DA:125,6
DA:126,6
DA:127,6
DA:131,3
DA:134,3
DA:135,3
DA:138,3
DA:141,6
LF:15
LH:15
end_of_record
SF:lib/src/model.dart
DA:32,1
DA:35,3
DA:38,1
DA:40,3
LF:4
LH:4
end_of_record
SF:lib/src/rx/rx.dart
DA:269,3
DA:280,3
DA:282,6
DA:283,3
DA:292,3
DA:294,6
DA:295,3
DA:299,1
DA:301,3
DA:319,9
DA:325,3
DA:334,3
DA:336,6
DA:337,6
DA:338,3
DA:341,1
DA:352,3
DA:353,6
DA:361,8
DA:363,6
LF:20
LH:20
end_of_record
SF:lib/src/rx/rx_set.dart
DA:35,2
DA:36,2
DA:37,4
DA:39,2
DA:42,2
DA:45,2
DA:47,1
DA:63,2
DA:65,1
DA:67,2
DA:69,1
DA:74,1
DA:76,2
DA:79,2
DA:81,4
DA:84,2
DA:86,4
DA:89,1
DA:91,2
DA:94,1
DA:96,2
DA:98,1
DA:103,2
LF:23
LH:23
end_of_record
SF:lib/src/rx/rx_list.dart
DA:41,2
DA:42,2
DA:43,4
DA:45,2
DA:48,2
DA:51,2
DA:53,2
DA:59,2
DA:61,4
DA:64,1
DA:66,2
DA:69,1
DA:71,2
DA:74,1
DA:76,2
DA:79,1
DA:81,2
DA:84,1
DA:86,2
DA:94,1
DA:96,2
DA:99,1
DA:101,2
DA:104,1
DA:106,2
DA:107,1
DA:110,1
DA:112,2
DA:113,1
DA:116,1
DA:118,2
DA:119,1
DA:122,1
DA:124,2
DA:125,1
DA:128,1
DA:130,2
DA:131,1
DA:134,1
DA:136,2
DA:138,1
DA:143,1
DA:145,2
DA:146,1
DA:150,1
DA:152,2
DA:153,1
DA:157,1
DA:159,2
DA:160,1
DA:163,1
DA:165,2
DA:166,1
DA:169,1
DA:171,2
DA:172,1
DA:175,1
DA:177,2
DA:178,1
DA:181,1
DA:183,2
DA:184,1
DA:187,1
DA:189,2
DA:190,1
DA:193,1
DA:195,2
DA:196,1
DA:199,1
DA:201,2
DA:204,1
DA:206,2
DA:209,1
DA:211,2
DA:214,1
DA:216,2
DA:219,1
DA:221,2
DA:224,1
DA:226,2
DA:227,1
DA:243,2
DA:245,1
DA:247,2
DA:251,2
DA:253,4
DA:256,1
DA:258,2
DA:259,1
DA:262,1
DA:264,2
DA:265,1
LF:92
LH:92
end_of_record
SF:lib/src/rx/rx_t.dart
DA:37,7
DA:39,14
DA:41,7
DA:45,7
DA:51,7
DA:52,7
DA:53,7
DA:62,6
DA:63,18
DA:64,6
DA:65,6
DA:68,2
DA:69,6
DA:75,4
DA:81,6
DA:87,2
DA:93,2
LF:17
LH:17
end_of_record
SF:lib/src/rx/rx_notifier.dart
DA:51,3
DA:52,3
DA:53,6
DA:55,3
DA:58,3
DA:60,6
DA:84,3
DA:85,3
DA:86,3
DA:110,6
DA:125,3
DA:128,9
DA:129,8
DA:130,3
DA:131,3
DA:148,2
DA:150,4
DA:152,1
DA:153,3
LF:19
LH:19
end_of_record
SF:lib/src/rx/rx_map.dart
DA:41,2
DA:42,2
DA:43,4
DA:45,2
DA:48,2
DA:51,2
DA:53,2
DA:72,2
DA:74,1
DA:76,2
DA:77,2
DA:79,1
DA:82,2
DA:84,4
DA:87,1
DA:89,2
DA:90,1
DA:93,1
DA:95,2
DA:96,1
DA:99,2
DA:101,4
DA:104,1
DA:106,2
DA:108,1
LF:25
LH:25
end_of_record
SF:lib/src/utilities/context.dart
DA:10,3
DA:40,1
DA:42,1
DA:43,1
DA:44,1
DA:46,1
DA:51,1
DA:52,1
DA:53,2
DA:55,1
LF:10
LH:10
end_of_record
SF:lib/src/utilities/future.dart
DA:62,1
DA:68,1
DA:69,1
DA:70,1
LF:4
LH:4
end_of_record
SF:lib/src/utilities/rx.dart
DA:6,2
DA:12,4
DA:18,8
DA:24,2
DA:30,2
DA:36,2
DA:42,2
DA:48,4
LF:8
LH:8
end_of_record
SF:lib/src/utilities/super.dart
DA:10,2
DA:15,2
DA:21,8
DA:25,4
DA:29,4
DA:35,2
DA:38,2
LF:7
LH:7
end_of_record
SF:lib/src/widgets/async_builder.dart
DA:39,1
DA:48,1
DA:85,2
DA:86,1
DA:87,2
DA:91,1
DA:92,1
DA:96,1
DA:97,1
DA:102,1
DA:107,1
DA:125,1
DA:126,1
DA:137,1
DA:139,3
DA:140,2
DA:141,2
DA:142,2
DA:145,2
DA:146,2
DA:147,7
DA:148,4
DA:150,5
LF:23
LH:23
end_of_record
SF:lib/src/widgets/super_builder.dart
DA:54,1
DA:69,1
DA:70,1
DA:76,1
DA:79,3
DA:80,1
DA:83,1
DA:84,5
DA:85,2
DA:88,1
DA:90,3
DA:92,1
DA:93,3
DA:95,2
DA:96,3
LF:15
LH:15
end_of_record
SF:lib/src/widgets/super_consumer.dart
DA:80,1
DA:102,1
DA:103,1
DA:110,1
DA:112,1
DA:114,4
DA:115,3
DA:119,1
DA:120,2
DA:121,1
DA:122,2
DA:124,1
DA:125,2
DA:126,2
DA:128,4
DA:131,1
DA:133,4
DA:134,1
DA:137,1
DA:138,2
DA:141,1
DA:143,1
DA:144,1
DA:145,2
DA:147,4
LF:25
LH:25
end_of_record
SF:lib/src/widgets/super_listener.dart
DA:48,1
DA:72,1
DA:73,1
DA:81,1
DA:83,3
DA:84,1
DA:87,1
DA:88,4
DA:89,6
DA:90,4
DA:93,1
DA:95,1
DA:96,3
DA:98,1
DA:99,4
DA:101,2
DA:102,3
DA:103,2
DA:104,2
LF:19
LH:19
end_of_record
SF:lib/src/widgets/super_widget.dart
DA:29,1
DA:50,1
DA:52,2
DA:59,1
DA:60,3
DA:76,1
DA:78,1
DA:79,2
DA:96,1
DA:102,1
DA:104,1
DA:106,2
DA:109,1
DA:111,2
DA:112,1
LF:15
LH:15
end_of_record
SF:lib/src/core/logger.dart
DA:5,6
DA:6,6
DA:8,3
DA:10,6
LF:4
LH:4
end_of_record
